<?xml version="1.0" encoding="UTF-8"?>
<!-- Generated by org.testng.reporters.JUnitReportReporter -->
<testsuite hostname="MKG-JAGGU" failures="0" tests="2" name="satz.test" time="68.820" errors="0" timestamp="2020-04-27T03:50:44 IST" skipped="0">
  <testcase classname="satz.test" name="pagenavigation" time="28.038"/>
  <system-out/>
  <testcase classname="satz.test" name="pagenavigation" time="40.782"/>
  <system-out/>
</testsuite> <!-- satz.test -->
