<?xml version="1.0" encoding="UTF-8"?>
<!-- Generated by org.testng.reporters.JUnitReportReporter -->
<testsuite hostname="MKG-JAGGU" failures="0" tests="2" name="satz.test" time="104.200" errors="0" timestamp="2020-04-28T18:11:41 IST" skipped="0">
  <testcase classname="satz.test" name="pagenavigation" time="69.716"/>
  <system-out/>
  <testcase classname="satz.test" name="pagenavigation" time="34.484"/>
  <system-out/>
</testsuite> <!-- satz.test -->
