<?xml version="1.0" encoding="UTF-8"?>
<!-- Generated by org.testng.reporters.JUnitReportReporter -->
<testsuite hostname="MKG-JAGGU" failures="0" tests="1" name="satz.textvalidation" time="0.540" errors="0" timestamp="2020-04-28T18:11:41 IST" skipped="0">
  <testcase classname="satz.textvalidation" name="checktitle" time="0.540"/>
  <system-out/>
</testsuite> <!-- satz.textvalidation -->
